TN:
SF:src\App.jsx
FN:14,App
FN:69,Root
FNF:2
FNH:2
FNDA:4,App
FNDA:2,Root
DA:1,1
DA:14,4
DA:15,4
DA:16,4
DA:18,4
DA:19,1
DA:20,4
DA:22,4
DA:24,1
DA:25,1
DA:26,1
DA:27,1
DA:28,1
DA:29,1
DA:30,1
DA:31,4
DA:32,1
DA:33,1
DA:34,1
DA:37,4
DA:38,4
DA:39,4
DA:40,4
DA:41,4
DA:42,4
DA:43,4
DA:45,4
DA:46,4
DA:47,4
DA:48,4
DA:49,4
DA:51,4
DA:52,4
DA:54,4
DA:55,4
DA:56,4
DA:57,4
DA:58,4
DA:59,4
DA:60,4
DA:62,4
DA:63,4
DA:64,4
DA:65,4
DA:67,4
DA:69,2
DA:70,2
DA:71,2
DA:72,2
DA:73,2
DA:75,2
LF:51
LH:51
BRDA:14,0,0,4
BRDA:22,1,0,2
BRDA:22,2,0,1
BRDA:31,3,0,0
BRDA:31,4,0,1
BRDA:18,5,0,1
BRDA:69,6,0,2
BRF:7
BRH:6
end_of_record
TN:
SF:src\main.jsx
FN:1,(empty-report)
FNF:1
FNH:0
FNDA:0,(empty-report)
DA:1,0
DA:2,0
DA:3,0
DA:4,0
DA:6,0
DA:7,0
DA:8,0
DA:9,0
DA:10,0
LF:9
LH:0
BRDA:1,0,0,0
BRF:1
BRH:0
end_of_record
TN:
SF:src\__test__\App.test.jsx
FNF:0
FNH:0
DA:1,1
DA:2,1
DA:3,1
DA:4,1
DA:6,1
DA:7,1
DA:8,1
DA:9,1
DA:10,1
DA:11,1
DA:12,1
LF:11
LH:11
BRDA:6,0,0,1
BRF:1
BRH:1
end_of_record
TN:
SF:src\components\AuthRoute.jsx
FN:5,AuthRoute
FNF:1
FNH:1
FNDA:2,AuthRoute
DA:1,1
DA:2,1
DA:3,1
DA:5,2
DA:6,2
DA:8,2
DA:9,2
DA:11,1
LF:8
LH:8
BRDA:5,0,0,2
BRDA:8,1,0,1
BRDA:8,2,0,0
BRF:3
BRH:2
end_of_record
TN:
SF:src\components\Dashboard.jsx
FN:8,RotatingBox
FN:27,Dashboard
FN:39,getDisplayName
FNF:3
FNH:3
FNDA:3,RotatingBox
FNDA:3,Dashboard
FNDA:1,getDisplayName
DA:1,1
DA:2,1
DA:3,1
DA:4,1
DA:5,1
DA:6,1
DA:8,1
DA:9,3
DA:11,3
DA:12,0
DA:13,0
DA:14,0
DA:15,0
DA:16,0
DA:17,3
DA:19,3
DA:20,3
DA:21,3
DA:22,3
DA:23,3
DA:25,3
DA:27,1
DA:28,3
DA:30,3
DA:32,3
DA:33,2
DA:34,0
DA:35,0
DA:36,0
DA:37,3
DA:39,3
DA:40,1
DA:41,1
DA:42,1
DA:43,1
DA:44,0
DA:45,1
DA:48,3
DA:49,3
DA:50,3
DA:51,3
DA:52,3
DA:53,3
DA:54,3
DA:55,3
DA:56,3
DA:57,3
DA:58,3
DA:59,3
DA:61,3
DA:63,3
DA:65,1
LF:52
LH:43
BRDA:8,0,0,3
BRDA:27,1,0,3
BRDA:51,2,0,1
BRDA:32,3,0,2
BRDA:33,4,0,0
BRDA:39,5,0,1
BRDA:43,6,0,0
BRF:7
BRH:5
end_of_record
TN:
SF:src\components\LandingPage.jsx
FN:8,Model
FN:38,LandingPage
FNF:2
FNH:2
FNDA:2,Model
FNDA:2,LandingPage
DA:1,1
DA:2,1
DA:3,1
DA:4,1
DA:5,1
DA:6,1
DA:8,1
DA:9,2
DA:11,2
DA:13,2
DA:15,1
DA:16,0
DA:17,0
DA:18,0
DA:19,1
DA:21,1
DA:23,1
DA:24,0
DA:25,0
DA:26,1
DA:27,2
DA:29,2
DA:30,0
DA:31,0
DA:32,0
DA:33,2
DA:35,2
DA:36,2
DA:38,1
DA:39,2
DA:40,2
DA:41,2
DA:42,2
DA:43,2
DA:44,2
DA:45,2
DA:46,2
DA:47,2
DA:49,2
DA:50,2
DA:51,2
DA:52,2
DA:53,2
DA:54,2
DA:55,2
DA:57,2
DA:58,2
DA:59,2
DA:60,2
DA:62,2
DA:64,1
LF:51
LH:43
BRDA:8,0,0,2
BRDA:13,1,0,1
BRDA:38,2,0,2
BRF:3
BRH:3
end_of_record
TN:
SF:src\components\Login.jsx
FN:4,Login
FNF:1
FNH:1
FNDA:1,Login
DA:1,1
DA:2,1
DA:4,1
DA:5,1
DA:6,1
DA:7,1
DA:8,1
DA:9,1
DA:10,1
DA:11,1
DA:12,1
DA:14,1
DA:15,1
DA:16,1
DA:17,1
DA:18,1
DA:19,1
DA:20,1
DA:21,1
DA:22,1
DA:23,1
DA:24,1
DA:25,1
DA:26,1
DA:27,1
DA:28,1
DA:29,1
DA:30,1
DA:31,1
DA:32,1
DA:33,1
DA:34,1
DA:35,1
DA:36,1
DA:37,1
DA:38,1
DA:39,1
DA:40,1
DA:41,1
DA:42,1
DA:43,1
DA:44,1
DA:46,1
DA:47,1
DA:49,1
DA:51,1
DA:52,1
DA:53,1
DA:55,1
DA:57,1
DA:59,1
DA:60,1
DA:61,1
DA:63,1
DA:65,1
LF:55
LH:55
BRDA:4,0,0,1
BRF:1
BRH:1
end_of_record
TN:
SF:src\components\Navbar.jsx
FN:6,Navbar
FN:11,isActive
FN:39,onClick
FNF:3
FNH:2
FNDA:1,Navbar
FNDA:2,isActive
FNDA:0,onClick
DA:1,1
DA:2,1
DA:3,1
DA:4,1
DA:6,1
DA:7,1
DA:8,1
DA:9,1
DA:11,1
DA:13,1
DA:14,1
DA:15,1
DA:16,1
DA:17,1
DA:18,1
DA:19,1
DA:20,1
DA:21,1
DA:22,1
DA:23,1
DA:24,1
DA:25,1
DA:26,1
DA:28,1
DA:29,1
DA:30,1
DA:31,1
DA:32,1
DA:33,1
DA:35,1
DA:36,1
DA:38,0
DA:39,0
DA:40,0
DA:41,0
DA:43,0
DA:45,1
DA:46,1
DA:47,1
DA:49,1
DA:51,1
LF:41
LH:36
BRDA:6,0,0,1
BRDA:24,1,0,0
BRDA:31,2,0,0
BRDA:36,3,0,0
BRDA:11,4,0,2
BRF:5
BRH:2
end_of_record
TN:
SF:src\components\PrivateRoute.jsx
FN:5,PrivateRoute
FNF:1
FNH:0
FNDA:0,PrivateRoute
DA:1,1
DA:2,1
DA:3,1
DA:5,0
DA:6,0
DA:8,0
DA:9,0
DA:11,1
LF:8
LH:4
BRF:0
BRH:0
end_of_record
TN:
SF:src\components\SignUp.jsx
FN:4,SignUp
FNF:1
FNH:0
FNDA:0,SignUp
DA:1,1
DA:2,1
DA:4,1
DA:5,0
DA:6,0
DA:7,0
DA:8,0
DA:9,0
DA:10,0
DA:11,0
DA:12,0
DA:14,0
DA:15,0
DA:16,0
DA:17,0
DA:18,0
DA:19,0
DA:20,0
DA:21,0
DA:22,0
DA:23,0
DA:24,0
DA:25,0
DA:26,0
DA:27,0
DA:28,0
DA:29,0
DA:30,0
DA:31,0
DA:32,0
DA:33,0
DA:34,0
DA:35,0
DA:36,0
DA:37,0
DA:38,0
DA:39,0
DA:40,0
DA:41,0
DA:42,0
DA:43,0
DA:44,0
DA:46,0
DA:47,0
DA:48,0
DA:49,0
DA:50,0
DA:52,0
DA:54,0
DA:55,0
DA:56,0
DA:57,0
DA:59,0
DA:61,1
LF:54
LH:4
BRF:0
BRH:0
end_of_record
TN:
SF:src\components\__test__\AuthRoute.test.jsx
FNF:0
FNH:0
DA:1,1
DA:3,1
DA:4,1
DA:5,1
LF:4
LH:4
BRDA:3,0,0,1
BRF:1
BRH:1
end_of_record
TN:
SF:src\components\__test__\Dashboard.test.jsx
FNF:0
FNH:0
DA:1,1
DA:2,1
DA:3,1
DA:4,1
DA:5,1
DA:6,1
DA:8,1
DA:9,1
DA:10,1
DA:11,1
DA:12,1
DA:13,1
DA:14,1
DA:15,1
DA:16,1
DA:17,1
DA:18,1
DA:20,1
DA:21,1
DA:22,1
DA:23,1
DA:24,1
DA:26,1
DA:27,1
DA:28,1
DA:30,1
DA:31,1
DA:32,1
DA:33,1
DA:34,1
DA:35,1
DA:36,1
DA:37,1
DA:38,1
DA:39,1
DA:40,1
DA:42,1
DA:43,1
DA:44,1
DA:45,1
DA:46,1
DA:48,1
DA:49,1
DA:50,1
LF:44
LH:44
BRDA:8,0,0,1
BRDA:30,1,0,1
BRF:2
BRH:2
end_of_record
TN:
SF:src\components\__test__\LandingPage.test.jsx
FNF:0
FNH:0
DA:1,1
DA:3,1
DA:4,1
DA:5,1
LF:4
LH:4
BRDA:3,0,0,1
BRF:1
BRH:1
end_of_record
TN:
SF:src\components\__test__\Login.test.jsx
FNF:0
FNH:0
DA:1,1
DA:2,1
DA:7,1
DA:8,1
DA:9,1
DA:10,1
DA:23,1
DA:24,1
DA:26,1
DA:27,1
DA:29,1
DA:30,1
DA:33,1
DA:34,1
DA:36,1
DA:37,1
DA:38,1
LF:17
LH:17
BRDA:23,0,0,1
BRDA:24,1,0,1
BRDA:29,2,0,1
BRF:3
BRH:3
end_of_record
TN:
SF:src\components\__test__\Navbar.test.jsx
FNF:0
FNH:0
DA:1,1
DA:3,1
DA:4,1
DA:5,1
LF:4
LH:4
BRDA:3,0,0,1
BRF:1
BRH:1
end_of_record
TN:
SF:src\components\__test__\PrivateRoute.test.jsx
FNF:0
FNH:0
DA:1,1
DA:3,1
DA:4,1
DA:5,1
LF:4
LH:4
BRDA:3,0,0,1
BRF:1
BRH:1
end_of_record
TN:
SF:src\components\__test__\SignUp.test.jsx
FNF:0
FNH:0
DA:1,1
DA:3,1
DA:4,1
DA:5,1
LF:4
LH:4
BRDA:3,0,0,1
BRF:1
BRH:1
end_of_record
